<?xml version="1.0" encoding="UTF-8"?>
<testsuite xmlns:xsi="http://www.w3.org/2001/XMLSchema-instance" xsi:noNamespaceSchemaLocation="https://maven.apache.org/surefire/maven-surefire-plugin/xsd/surefire-test-report-3.0.xsd" version="3.0" name="com.hunterhope.jsonrequest.impl.JsonRequestServiceTest" time="0.809" tests="4" errors="0" skipped="0" failures="0">
  <properties>
[...]
</properties>
  <testcase name="dataClassError" classname="com.hunterhope.jsonrequest.impl.JsonRequestServiceTest" time="0.774">
    <system-out><![CDATA[DataClassFieldNameErrorException=
屬性沒有一個是對。JSON string=
{
"query": "2323",
"suggestions": [
"2323\t中環",
"2323A\t環甲特",
"2323R\t中環甲",
"2323S\t中環乙",
"2323T\t中環丙",
"2323V\t中環戊",
"2323W\t中環己",
"2323X\t中環庚"
]
}
]]></system-out>
  </testcase>
  <testcase name="refactor_server404" classname="com.hunterhope.jsonrequest.impl.JsonRequestServiceTest" time="0.0"/>
  <testcase name="refactor_connectError" classname="com.hunterhope.jsonrequest.impl.JsonRequestServiceTest" time="0.002">
    <system-out><![CDATA[NoInternetException=
目前沒有網路，或找不到指定的地址
]]></system-out>
  </testcase>
  <testcase name="refactor_get2323_ok" classname="com.hunterhope.jsonrequest.impl.JsonRequestServiceTest" time="0.002"/>
</testsuite>